#
# A fatal error has been detected by the Java Runtime Environment:
#
#  EXCEPTION_ACCESS_VIOLATION (0xc0000005) at pc=0x0000023e3ae70f0f, pid=22672, tid=23896
#
# JRE version: Java(TM) SE Runtime Environment (22.0.1+8) (build 22.0.1+8-16)
# Java VM: Java HotSpot(TM) 64-Bit Server VM (22.0.1+8-16, mixed mode, emulated-client, sharing, tiered, compressed oops, compressed class ptrs, g1 gc, windows-amd64)
# Problematic frame:
# v  ~BufferBlob::MethodHandles adapters 0x0000023e3ae70f0f
#
# No core dump will be written. Minidumps are not enabled by default on client versions of Windows
#
# If you would like to submit a bug report, please visit:
#   https://bugreport.java.com/bugreport/crash.jsp
#

---------------  S U M M A R Y ------------

Command Line: -XX:+ShowCodeDetailsInExceptionMessages -agentlib:jdwp=transport=dt_socket,suspend=y,address=localhost:61965 -Dcom.sun.management.jmxremote -Dcom.sun.management.jmxremote.port=61963 -Dcom.sun.management.jmxremote.authenticate=false -Dcom.sun.management.jmxremote.ssl=false -Djava.rmi.server.hostname=localhost -Dspring.jmx.enabled=true -Dmanagement.endpoints.jmx.exposure.include=* -Dspring.application.admin.enabled=true -XX:TieredStopAtLevel=1 -Dspring.boot.project.name=mdd-api -javaagent:C:\Downloads\sts-4.22.1.RELEASE\configuration\org.eclipse.osgi\266\0\.cp\lib\javaagent-shaded.jar -Dfile.encoding=UTF-8 -Dstdout.encoding=UTF-8 -Dstderr.encoding=UTF-8 com.openclassrooms.mddapi.MddApiApplication --spring.output.ansi.enabled=always

Host: Intel(R) Core(TM) i7-8565U CPU @ 1.80GHz, 8 cores, 23G,  Windows 11 , 64 bit Build 22621 (10.0.22621.3672)
Time: Sat Aug  3 02:51:29 2024 Paris, Madrid (heure duild 22621 (10.0.22621.3672) elapsed time: 709.721203 seconds (0d 0h 11m 49s)

---------------  T H R E A D  ---------------

Current thread (0x0000023e8ff147e0):  JavaThread "http-nio-8080-exec-4" daemon [_thread_in_Java, id=23896, stack(0x0000007e42800000,0x0000007e42900000) (1024K)]

Stack: [0x0000007e42800000,0x0000007e42900000],  sp=0x0000007e428fb7b8,  free space=1005k
Native frames: (J=compiled Java code, j=interpreted, Vv=VM code, C=native code)
C  0x0000023e3ae70f0f  (no source info available)

The last pc belongs to _linkToVirtual (printed below).

siginfo: EXCEPTION_ACCESS_VIOLATION (0xc0000005), reading address 0xffffffffffffffff


Registers:
RAX=0x0000023e3ae49613, RBX=0x0000000685f7dad8, RCX=0xfffffffffffffff7, RDX=0x0000000000000002
RSP=0x0000007e428fb7b8, RBP=0x0000007e428fb808, RSI=0x0000023e8ef6cb48, RDI=0x0000023e903e58f0
R8 =0x0000000000000004, R9 =0x0000000000000004, R10=0x00007ffcdafbb900, R11=0x0000023e49097808
R12=0x0000000000000000, R13=0x0000007e428fb7b8, R14=0x0000007e428fb828, R15=0x0000023e8ff147e0
RIP=0x0000023e3ae70f0f, EFLAGS=0x0000000000010202


Register to memory mapping:

RAX=0x0000023e3ae49613 is at code_begin+4499 in an Interpreter codelet
return entry points  [0x0000023e3ae48480, 0x0000023e3ae4a388]  7944 bytes
RBX=0x0000000685f7dad8 is an oop: com.openclassrooms.mddapi.controllers.ThemeController 
{0x0000000685f7dad8} - klass: 'com/openclassrooms/mddapi/controllers/ThemeController'
 - ---- fields (total size 3 words):
 - private final 'themeService' 'Lcom/openclassrooms/mddapi/services/theme/ThemeService;' @12  a 'com/openclassrooms/mddapi/services/theme/ThemeServiceImpl'{0x0000000685c1f090} (0xd0b83e12)
 - private final 'modelMapper' 'Lorg/modelmapper/ModelMapper;' @16  a 'org/modelmapper/ModelMapper'{0x0000000685dbe320} (0xd0bb7c64)
RCX=0xfffffffffffffff7 is an unknown value
RDX=0x0000000000000002 is an unknown value
RSP=0x0000007e428fb7b8 is pointing into the stack for thread: 0x0000023e8ff147e0
RBP=0x0000007e428fb808 is pointing into the stack for thread: 0x0000023e8ff147e0
RSI=0x0000023e8ef6cb48 points into unknown readable memory: 0x80000101fa3f3456 | 56 34 3f fa 01 01 00 80
RDI=0x0000023e903e58f0 points into unknown readable memory: 0x0000001800000060 | 60 00 00 00 18 00 00 00
R8 =0x0000000000000004 is an unknown value
R9 =0x0000000000000004 is an unknown value
R10=0x00007ffcdafbb900 jvm.dll
R11={method} {0x0000023e49097810} 'invokeVirtual' '(Ljava/lang/Object;Ljava/lang/Object;)Ljava/lang/Object;' in 'java/lang/invoke/DirectMethodHandle$Holder'
R12=0x0 is null
R13=0x0000007e428fb7b8 is pointing into the stack for thread: 0x0000023e8ff147e0
R14=0x0000007e428fb828 is pointing into the stack for thread: 0x0000023e8ff147e0
R15=0x0000023e8ff147e0 is a thread

Top of Stack: (sp=0x0000007e428fb7b8)
0x0000007e428fb7b8:   0000023e3ae49613 fffffffffffffff7
0x0000007e428fb7c8:   0000023e496ed03a 0000000000000004
0x0000007e428fb7d8:   0000023e490950d0 0000000683cc6bb0
0x0000007e428fb7e8:   00000006833fdaa8 0000023e49097808
0x0000007e428fb7f8:   fffffffffffffff6 0000007e428fb830
0x0000007e428fb808:   0000007e428fbb28 0000023e3b4c6590
0x0000007e428fb818:   0000000685dfc1c0 0000000685f7dad8
0x0000007e428fb828:   0000000685dfc158 000000068f37b390
0x0000007e428fb838:   00007ffcda902002 0000000683bee5f0
0x0000007e428fb848:   0000000685dfc130 0000000685f7dad8
0x0000007e428fb858:   0000000685dfc230 0000000685dfc158
0x0000007e428fb868:   0000000685f7dad8 0000023e3b4c64cc
0x0000007e428fb878:   0000000685ca89d8 0000007e428fbb28
0x0000007e428fb888:   0000023e3b5a17c2 0000000000000000
0x0000007e428fb898:   00007ffcda5977d1 0000007e428fa620
0x0000007e428fb8a8:   0000007e428fa620 0000007e428fbb28
0x0000007e428fb8b8:   0000023e3b1de1c4 0000007e428fba40
0x0000007e428fb8c8:   0000023e3ae49613 0000023e3ae48190
0x0000007e428fb8d8:   0000000000000000 0000580000000000
0x0000007e428fb8e8:   0000000000000c00 0000000000000000
0x0000007e428fb8f8:   0000000000000000 0000000000000000
0x0000007e428fb908:   0000000000000000 0000000000000000
0x0000007e428fb918:   0000000000000000 0000000000000000
0x0000007e428fb928:   0000000000000000 0000000000000000
0x0000007e428fb938:   0000000685dfb8d8 0000000685dfc110
0x0000007e428fb948:   0000000685f34ca0 0000000685f7dad8
0x0000007e428fb958:   0000002800000001 0000000685dfb930
0x0000007e428fb968:   0000000685dfb930 000000060000001c
0x0000007e428fb978:   0000000000000000 0000007ed7c71b00
0x0000007e428fb988:   0000000000000000 0000007e428fbb28
0x0000007e428fb998:   0000023e3b1dc45c 0000000685dfc130
0x0000007e428fb9a8:   0000023e3b132d09 0000007e428fbc40 

Instructions: (pc=0x0000023e3ae70f0f)
0x0000023e3ae70e0f:   00 90 23 d1 da fc 7f 00 00 80 0e e7 3a 3e 02 00
0x0000023e3ae70e1f:   00 00 1f e7 3a 3e 02 00 00 80 0e e7 3a 3e 02 00
0x0000023e3ae70e2f:   00 00 1f e7 3a 3e 02 00 00 70 0e e7 3a 3e 02 00
0x0000023e3ae70e3f:   00 70 0e e7 3a 3e 02 00 00 00 00 00 00 00 00 00
0x0000023e3ae70e4f:   00 30 24 d1 da fc 7f 00 00 f0 10 00 00 60 00 00
0x0000023e3ae70e5f:   00 ff ff ff ff f0 10 00 00 00 00 00 00 00 00 00
0x0000023e3ae70e6f:   00 00 00 00 00 00 00 00 00 00 00 00 00 00 00 00
0x0000023e3ae70e7f:   00 f4 66 66 66 0f 1f 84 00 00 00 00 00 66 66 66
0x0000023e3ae70e8f:   90 66 66 66 0f 1f 84 00 00 00 00 00 66 66 66 90
0x0000023e3ae70e9f:   90 48 8b 53 08 0f b7 52 2e 48 8b 0c d4 8b 59 14
0x0000023e3ae70eaf:   48 c1 e3 03 8b 5b 28 48 c1 e3 03 8b 5b 24 48 c1
0x0000023e3ae70ebf:   e3 03 48 8b 5b 10 48 85 db 0f 84 10 00 00 00 41
0x0000023e3ae70ecf:   80 bf e8 05 00 00 00 74 03 ff 63 38 ff 63 50 e9
0x0000023e3ae70edf:   9d 16 00 00 66 66 66 0f 1f 84 00 00 00 00 00 66
0x0000023e3ae70eef:   66 66 90 66 66 0f 1f 84 00 00 00 00 00 66 66 66
0x0000023e3ae70eff:   90 48 8b 53 08 0f b7 52 2e 48 8b 0c d4 58 5b 50
0x0000023e3ae70f0f:   44 8b 51 08 49 bb 00 00 00 49 3e 02 00 00 4d 03
0x0000023e3ae70f1f:   d3 4c 8b 5b 10 4b 8b 9c da c8 01 00 00 48 85 db
0x0000023e3ae70f2f:   0f 84 10 00 00 00 41 80 bf e8 05 00 00 00 74 03
0x0000023e3ae70f3f:   ff 63 38 ff 63 50 e9 36 16 00 00 66 66 66 0f 1f
0x0000023e3ae70f4f:   84 00 00 00 00 00 66 66 66 90 0f 1f 80 00 00 00
0x0000023e3ae70f5f:   00 58 5b 50 8b 5b 24 48 c1 e3 03 48 8b 5b 10 48
0x0000023e3ae70f6f:   85 db 0f 84 10 00 00 00 41 80 bf e8 05 00 00 00
0x0000023e3ae70f7f:   74 03 ff 63 38 ff 63 50 e9 f4 15 00 00 66 66 66
0x0000023e3ae70f8f:   0f 1f 84 00 00 00 00 00 66 66 66 90 0f 1f 44 00
0x0000023e3ae70f9f:   00 48 8b 53 08 0f b7 52 2e 48 8b 0c d4 58 5b 50
0x0000023e3ae70faf:   48 3b 01 8b 5b 24 48 c1 e3 03 48 8b 5b 10 48 85
0x0000023e3ae70fbf:   db 0f 84 10 00 00 00 41 80 bf e8 05 00 00 00 74
0x0000023e3ae70fcf:   03 ff 63 38 ff 63 50 e9 a5 15 00 00 0f 1f 44 00
0x0000023e3ae70fdf:   00 48 8b 53 08 0f b7 52 2e 48 8b 0c d4 58 5b 50
0x0000023e3ae70fef:   44 8b 51 08 49 bb 00 00 00 49 3e 02 00 00 4d 03
0x0000023e3ae70fff:   d3 8b 43 18 48 c1 e0 03 48 8b 40 10 48 8b 5b 10 


Stack slot to memory mapping:

stack at sp + 0 slots: 0x0000023e3ae49613 is at code_begin+4499 in an Interpreter codelet
return entry points  [0x0000023e3ae48480, 0x0000023e3ae4a388]  7944 bytes
stack at sp + 1 slots: 0xfffffffffffffff7 is an unknown value
stack at sp + 2 slots: 0x0000023e496ed03a is pointing into metadata
stack at sp + 3 slots: 0x0000000000000004 is an unknown value
stack at sp + 4 slots: 0x0000023e490950d0 is pointing into metadata
stack at sp + 5 slots: 0x0000000683cc6bb0 is an oop: com.sun.crypto.provider.AESCrypt 
{0x0000000683cc6bb0} - klass: 'com/sun/crypto/provider/AESCrypt'
 - ---- fields (total size 4 words):
 - private 'limit' 'I' @12  56 (0x00000038)
 - private 'ROUNDS_12' 'Z' @16  true (0x01)
 - private 'ROUNDS_14' 'Z' @17  true (0x01)
 - private 'sessionK' '[[I' @20  a {type array int}[2] {0x0000000683cc6bd0} (0xd0798d7a)
 - private 'K' '[I' @24  [I{0x0000000683cc6ce8} (0xd0798d9d)
 - private 'lastKey' '[B' @28  [B{0x0000000683cc6de8} (0xd0798dbd)
stack at sp + 6 slots: 0x00000006833fdaa8 is an oop: java.lang.Class 
{0x00000006833fdaa8} - klass: 'java/lang/Class'
 - ---- fields (total size 14 words):
 - private volatile transient 'classRedefinedCount' 'I' @12  0 (0x00000000)
 - injected 'klass' 'J' @16  2466536574104 (0x0000023e49094c98)
 - injected 'array_klass' 'J' @24  0 (0x0000000000000000)
 - injected 'oop_size' 'I' @32  14 (0x0000000e)
 - injected 'static_oop_field_count' 'I' @36  0 (0x00000000)
 - private volatile transient 'cachedConstructor' 'Ljava/lang/reflect/Constructor;' @40  null (0x00000000)
 - private transient 'name' 'Ljava/lang/String;' @44  null (0x00000000)
 - private transient 'module' 'Ljava/lang/Module;' @48  a 'java/lang/Module'{0x00000006833df520} (0xd067bea4)
 - private final 'classLoader' 'Ljava/lang/ClassLoader;' @52  null (0x00000000)
 - private transient 'classData' 'Ljava/lang/Object;' @56  null (0x00000000)
 - private transient 'packageName' 'Ljava/lang/String;' @60  null (0x00000000)
 - private final 'componentType' 'Ljava/lang/Class;' @64  null (0x00000000)
 - private volatile transient 'reflectionData' 'Ljava/lang/ref/SoftReference;' @68  null (0x00000000)
 - private volatile transient 'genericInfo' 'Lsun/reflect/generics/repository/ClassRepository;' @72  null (0x00000000)
 - private volatile transient 'enumConstants' '[Ljava/lang/Object;' @76  null (0x00000000)
 - private volatile transient 'enumConstantDirectory' 'Ljava/util/Map;' @80  null (0x00000000)
 - private volatile transient 'annotationData' 'Ljava/lang/Class$AnnotationData;' @84  null (0x00000000)
 - private volatile transient 'annotationType' 'Lsun/reflect/annotation/AnnotationType;' @88  null (0x00000000)
 - transient 'classValueMap' 'Ljava/lang/ClassValue$ClassValueMap;' @92  null (0x00000000)
 - injected 'protection_domain' 'Ljava/lang/Object;' @96  null (0x00000000)
 - injected 'signers_name' 'Ljava/lang/Object;' @100  null (0x00000000)
 - injected 'source_file' 'Ljava/lang/Object;' @104  null (0x00000000)
 - signature: Ljava/lang/invoke/DirectMethodHandle$Holder;
 - ---- static fields (0):
stack at sp + 7 slots: {method} {0x0000023e49097810} 'invokeVirtual' '(Ljava/lang/Object;Ljava/lang/Object;)Ljava/lang/Object;' in 'java/lang/invoke/DirectMethodHandle$Holder'

MethodHandle::interpreter_entry::_linkToVirtual [0x0000023e3ae70ee3, 0x0000023e3ae70f4a] (103 bytes)
[MachCode]
  0x0000023e3ae70ee3: 6666 660f | 1f84 0000 | 0000 0066 | 6666 9066 | 660f 1f84 | 0000 0000 | 0066 6666 | 9048 8b53 
  0x0000023e3ae70f03: 080f b752 | 2e48 8b0c | d458 5b50 | 448b 5108 | 49bb 0000 | 0049 3e02 | 0000 4d03 | d34c 8b5b 
  0x0000023e3ae70f23: 104b 8b9c | dac8 0100 | 0048 85db | 0f84 1000 | 0000 4180 | bfe8 0500 | 0000 7403 | ff63 38ff 
  0x0000023e3ae70f43: 6350 e936 | 
[/MachCode]

---------------  P R O C E S S  ---------------

Threads class SMR info:
_java_thread_list=0x0000023e32bb2e00, length=36, elements={
0x0000023e4829a5b0, 0x0000023e4829b170, 0x0000023e4829ea00, 0x0000023e482a1480,
0x0000023e482ac070, 0x0000023e482afb40, 0x0000023e482b3c40, 0x0000023e4833f4d0,
0x0000023e4842ee10, 0x0000023e484334c0, 0x0000023e48435b60, 0x0000023e8e18b1d0,
0x0000023e8e3a8d00, 0x0000023e8e3bf020, 0x0000023e8e3ffa30, 0x0000023e8ecbb290,
0x0000023e8ecb5220, 0x0000023e8ecb4b90, 0x0000023e8ecb58b0, 0x0000023e8ecb5f40,
0x0000023e8ff12080, 0x0000023e8ff12710, 0x0000023e8ff13430, 0x0000023e8ff14e70,
0x0000023e8ff13ac0, 0x0000023e8ff14150, 0x0000023e8ff147e0, 0x0000023e908e18b0,
0x0000023e908e1f40, 0x0000023e908e2c60, 0x0000023e908e25d0, 0x0000023e908e0b90,
0x0000023e908e32f0, 0x0000023e908e3980, 0x0000023e908e4010, 0x0000023e908e1220
}

Java Threads: ( => current thread )
  0x0000023e4829a5b0 JavaThread "Reference Handler"          daemon [_thread_blocked, id=22840, stack(0x0000007e40000000,0x0000007e40100000) (1024K)]
  0x0000023e4829b170 JavaThread "Finalizer"                  daemon [_thread_blocked, id=24520, stack(0x0000007e40100000,0x0000007e40200000) (1024K)]
  0x0000023e4829ea00 JavaThread "Signal Dispatcher"          daemon [_thread_blocked, id=12916, stack(0x0000007e40200000,0x0000007e40300000) (1024K)]
  0x0000023e482a1480 JavaThread "Attach Listener"            daemon [_thread_blocked, id=14072, stack(0x0000007e40300000,0x0000007e40400000) (1024K)]
  0x0000023e482ac070 JavaThread "Service Thread"             daemon [_thread_blocked, id=17560, stack(0x0000007e40400000,0x0000007e40500000) (1024K)]
  0x0000023e482afb40 JavaThread "Monitor Deflation Thread"   daemon [_thread_blocked, id=6812, stack(0x0000007e40500000,0x0000007e40600000) (1024K)]
  0x0000023e482b3c40 JavaThread "C1 CompilerThread0"         daemon [_thread_blocked, id=23920, stack(0x0000007e40600000,0x0000007e40700000) (1024K)]
  0x0000023e4833f4d0 JavaThread "Common-Cleaner"             daemon [_thread_blocked, id=3148, stack(0x0000007e40700000,0x0000007e40800000) (1024K)]
  0x0000023e4842ee10 JavaThread "JDWP Transport Listener: dt_socket" daemon [_thread_blocked, id=24368, stack(0x0000007e40a00000,0x0000007e40b00000) (1024K)]
  0x0000023e484334c0 JavaThread "JDWP Event Helper Thread"   daemon [_thread_blocked, id=20336, stack(0x0000007e40b00000,0x0000007e40c00000) (1024K)]
  0x0000023e48435b60 JavaThread "JDWP Command Reader"        daemon [_thread_blocked, id=22520, stack(0x0000007e40c00000,0x0000007e40d00000) (1024K)]
  0x0000023e8e18b1d0 JavaThread "Notification Thread"        daemon [_thread_blocked, id=4556, stack(0x0000007e40d00000,0x0000007e40e00000) (1024K)]
  0x0000023e8e3a8d00 JavaThread "RMI TCP Accept-0"           daemon [_thread_in_native, id=16480, stack(0x0000007e40e00000,0x0000007e40f00000) (1024K)]
  0x0000023e8e3bf020 JavaThread "RMI TCP Accept-61963"       daemon [_thread_in_native, id=11204, stack(0x0000007e40f00000,0x0000007e41000000) (1024K)]
  0x0000023e8e3ffa30 JavaThread "RMI TCP Accept-0"           daemon [_thread_in_native, id=1300, stack(0x0000007e41000000,0x0000007e41100000) (1024K)]
  0x0000023e8ecbb290 JavaThread "RMI Scheduler(0)"           daemon [_thread_blocked, id=11752, stack(0x0000007e41b00000,0x0000007e41c00000) (1024K)]
  0x0000023e8ecb5220 JavaThread "RMI TCP Connection(idle)"   daemon [_thread_blocked, id=11820, stack(0x0000007e41c00000,0x0000007e41d00000) (1024K)]
  0x0000023e8ecb4b90 JavaThread "JMX server connection timeout 40" daemon [_thread_blocked, id=12292, stack(0x0000007e41d00000,0x0000007e41e00000) (1024K)]
  0x0000023e8ecb58b0 JavaThread "mysql-cj-abandoned-connection-cleanup" daemon [_thread_blocked, id=15116, stack(0x0000007e41900000,0x0000007e41a00000) (1024K)]
  0x0000023e8ecb5f40 JavaThread "HikariPool-1 housekeeper"   daemon [_thread_blocked, id=19436, stack(0x0000007e42000000,0x0000007e42100000) (1024K)]
  0x0000023e8ff12080 JavaThread "Catalina-utility-1"                [_thread_blocked, id=20408, stack(0x0000007e42200000,0x0000007e42300000) (1024K)]
  0x0000023e8ff12710 JavaThread "Catalina-utility-2"                [_thread_blocked, id=20420, stack(0x0000007e42300000,0x0000007e42400000) (1024K)]
  0x0000023e8ff13430 JavaThread "container-0"                       [_thread_blocked, id=20432, stack(0x0000007e42400000,0x0000007e42500000) (1024K)]
  0x0000023e8ff14e70 JavaThread "http-nio-8080-exec-1"       daemon [_thread_blocked, id=23204, stack(0x0000007e42500000,0x0000007e42600000) (1024K)]
  0x0000023e8ff13ac0 JavaThread "http-nio-8080-exec-2"       daemon [_thread_blocked, id=23236, stack(0x0000007e42600000,0x0000007e42700000) (1024K)]
  0x0000023e8ff14150 JavaThread "http-nio-8080-exec-3"       daemon [_thread_blocked, id=23828, stack(0x0000007e42700000,0x0000007e42800000) (1024K)]
=>0x0000023e8ff147e0 JavaThread "http-nio-8080-exec-4"       daemon [_thread_in_Java, id=23896, stack(0x0000007e42800000,0x0000007e42900000) (1024K)]
  0x0000023e908e18b0 JavaThread "http-nio-8080-exec-5"       daemon [_thread_in_Java, id=24044, stack(0x0000007e42900000,0x0000007e42a00000) (1024K)]
  0x0000023e908e1f40 JavaThread "http-nio-8080-exec-6"       daemon [_thread_blocked, id=24112, stack(0x0000007e42a00000,0x0000007e42b00000) (1024K)]
  0x0000023e908e2c60 JavaThread "http-nio-8080-exec-7"       daemon [_thread_blocked, id=24180, stack(0x0000007e42b00000,0x0000007e42c00000) (1024K)]
  0x0000023e908e25d0 JavaThread "http-nio-8080-exec-8"       daemon [_thread_blocked, id=24384, stack(0x0000007e42c00000,0x0000007e42d00000) (1024K)]
  0x0000023e908e0b90 JavaThread "http-nio-8080-exec-9"       daemon [_thread_blocked, id=24388, stack(0x0000007e42d00000,0x0000007e42e00000) (1024K)]
  0x0000023e908e32f0 JavaThread "http-nio-8080-exec-10"      daemon [_thread_blocked, id=24424, stack(0x0000007e42e00000,0x0000007e42f00000) (1024K)]
  0x0000023e908e3980 JavaThread "http-nio-8080-Poller"       daemon [_thread_blocked, id=24560, stack(0x0000007e42f00000,0x0000007e43000000) (1024K)]
  0x0000023e908e4010 JavaThread "http-nio-8080-Acceptor"     daemon [_thread_in_native, id=24592, stack(0x0000007e43000000,0x0000007e43100000) (1024K)]
  0x0000023e908e1220 JavaThread "DestroyJavaVM"                     [_thread_blocked, id=1920, stack(0x0000007e3f800000,0x0000007e3f900000) (1024K)]
Total: 36

Other Threads:
  0x0000023e458cea60 VMThread "VM Thread"                           [id=16976, stack(0x0000007e3ff00000,0x0000007e40000000) (1024K)] _threads_hazard_ptr=0x0000023e32bb2e00
  0x0000023e458b8280 WatcherThread "VM Periodic Task Thread"        [id=10692, stack(0x0000007e3fe00000,0x0000007e3ff00000) (1024K)]
  0x0000023e32b93740 WorkerThread "GC Thread#0"                     [id=24116, stack(0x0000007e3f900000,0x0000007e3fa00000) (1024K)]
  0x0000023e8e4f7370 WorkerThread "GC Thread#1"                     [id=3088, stack(0x0000007e41200000,0x0000007e41300000) (1024K)]
  0x0000023e8e4f7b20 WorkerThread "GC Thread#2"                     [id=3316, stack(0x0000007e41300000,0x0000007e41400000) (1024K)]
  0x0000023e8e524c20 WorkerThread "GC Thread#3"                     [id=3788, stack(0x0000007e41400000,0x0000007e41500000) (1024K)]
  0x0000023e8e52cfe0 WorkerThread "GC Thread#4"                     [id=3824, stack(0x0000007e41500000,0x0000007e41600000) (1024K)]
  0x0000023e8e52d390 WorkerThread "GC Thread#5"                     [id=3836, stack(0x0000007e41600000,0x0000007e41700000) (1024K)]
  0x0000023e8e52d740 WorkerThread "GC Thread#6"                     [id=4100, stack(0x0000007e41700000,0x0000007e41800000) (1024K)]
  0x0000023e8e52daf0 WorkerThread "GC Thread#7"                     [id=4220, stack(0x0000007e41800000,0x0000007e41900000) (1024K)]
  0x0000023e45700090 ConcurrentGCThread "G1 Main Marker"            [id=24352, stack(0x0000007e3fa00000,0x0000007e3fb00000) (1024K)]
  0x0000023e457012b0 WorkerThread "G1 Conc#0"                       [id=23072, stack(0x0000007e3fb00000,0x0000007e3fc00000) (1024K)]
  0x0000023e8ef7c9e0 WorkerThread "G1 Conc#1"                       [id=13992, stack(0x0000007e41e00000,0x0000007e41f00000) (1024K)]
  0x0000023e4578a0e0 ConcurrentGCThread "G1 Refine#0"               [id=18124, stack(0x0000007e3fc00000,0x0000007e3fd00000) (1024K)]
  0x0000023e4578cd20 ConcurrentGCThread "G1 Service"                [id=19640, stack(0x0000007e3fd00000,0x0000007e3fe00000) (1024K)]
Total: 15

Threads with active compile tasks:
Total: 0

VM state: synchronizing (normal execution)

VM Mutex/Monitor currently owned by a thread:  ([mutex/lock_event])
[0x00007ffcdafabbb8] Threads_lock - owner thread: 0x0000023e458cea60

Heap address: 0x0000000683000000, size: 6096 MB, Compressed Oops mode: Zero based, Oop shift amount: 3

CDS archive(s) mapped at: [0x0000023e49000000-0x0000023e49c60000-0x0000023e49c60000), size 12976128, SharedBaseAddress: 0x0000023e49000000, ArchiveRelocationMode: 1.
Compressed class space mapped at: 0x0000023e4a000000-0x0000023e8a000000, reserved size: 1073741824
Narrow klass base: 0x0000023e49000000, Narrow klass shift: 0, Narrow klass range: 0x41000000

GC Precious Log:
 CardTable entry size: 512
 Card Set container configuration: InlinePtr #cards 4 size 8 Array Of Cards #cards 32 size 80 Howl #buckets 8 coarsen threshold 7372 Howl Bitmap #cards 1024 size 144 coarsen threshold 921 Card regions per heap region 1 cards per card region 8192
 CPUs: 8 total, 8 available
 Memory: 24383M
 Large Page Support: Disabled
 NUMA Support: Disabled
 Compressed Oops: Enabled (Zero based)
 Heap Region Size: 4M
 Heap Min Capacity: 8M
 Heap Initial Capacity: 384M
 Heap Max Capacity: 6096M
 Pre-touch: Disabled
 Parallel Workers: 8
 Concurrent Workers: 2
 Concurrent Refinement Workers: 8
 Periodic GC: Disabled

Heap:
 garbage-first heap   total reserved 6242304K, committed 81920K, used 41222K [0x0000000683000000, 0x0000000800000000)
  region size 4096K, 5 young (20480K), 2 survivors (8192K)
 Metaspace       used 68707K, committed 69248K, reserved 1114112K
  class space    used 9779K, committed 9984K, reserved 1048576K

Heap Regions: E=young(eden), S=young(survivor), O=old, HS=humongous(starts), HC=humongous(continues), CS=collection set, F=free, TAMS=top-at-mark-start, PB=parsable bottom
|   0|0x0000000683000000, 0x0000000683400000, 0x0000000683400000|100%| O|  |TAMS 0x0000000683000000| PB 0x0000000683000000| Untracked |  0
|   1|0x0000000683400000, 0x00000006837ee928, 0x0000000683800000| 98%| O|  |TAMS 0x0000000683400000| PB 0x0000000683400000| Untracked |  0
|   2|0x0000000683800000, 0x0000000683c00000, 0x0000000683c00000|100%| O|  |TAMS 0x0000000683800000| PB 0x0000000683800000| Untracked |  0
|   3|0x0000000683c00000, 0x0000000684000000, 0x0000000684000000|100%| O|  |TAMS 0x0000000683c00000| PB 0x0000000683c00000| Untracked |  0
|   4|0x0000000684000000, 0x0000000684400000, 0x0000000684400000|100%| O|  |TAMS 0x0000000684000000| PB 0x0000000684000000| Untracked |  0
|   5|0x0000000684400000, 0x0000000684800000, 0x0000000684800000|100%| O|  |TAMS 0x0000000684400000| PB 0x0000000684400000| Untracked |  0
|   6|0x0000000684800000, 0x00000006849ec7a8, 0x0000000684c00000| 48%| O|  |TAMS 0x0000000684800000| PB 0x0000000684800000| Untracked |  0
|   7|0x0000000684c00000, 0x0000000684c00000, 0x0000000685000000|  0%| F|  |TAMS 0x0000000684c00000| PB 0x0000000684c00000| Untracked |  0
|   8|0x0000000685000000, 0x0000000685266b00, 0x0000000685400000| 60%| S|CS|TAMS 0x0000000685000000| PB 0x0000000685000000| Complete |  0
|   9|0x0000000685400000, 0x0000000685400000, 0x0000000685800000|  0%| F|  |TAMS 0x0000000685400000| PB 0x0000000685400000| Untracked |  0
|  10|0x0000000685800000, 0x0000000685800000, 0x0000000685c00000|  0%| F|  |TAMS 0x0000000685800000| PB 0x0000000685800000| Untracked |  0
|  11|0x0000000685c00000, 0x0000000686000000, 0x0000000686000000|100%| S|CS|TAMS 0x0000000685c00000| PB 0x0000000685c00000| Complete |  0
|  12|0x0000000686000000, 0x0000000686000000, 0x0000000686400000|  0%| F|  |TAMS 0x0000000686000000| PB 0x0000000686000000| Untracked |  0
|  13|0x0000000686400000, 0x0000000686400000, 0x0000000686800000|  0%| F|  |TAMS 0x0000000686400000| PB 0x0000000686400000| Untracked |  0
|  14|0x0000000686800000, 0x0000000686800000, 0x0000000686c00000|  0%| F|  |TAMS 0x0000000686800000| PB 0x0000000686800000| Untracked |  0
|  15|0x0000000686c00000, 0x0000000686c00000, 0x0000000687000000|  0%| F|  |TAMS 0x0000000686c00000| PB 0x0000000686c00000| Untracked |  0
|  16|0x0000000687000000, 0x0000000687000000, 0x0000000687400000|  0%| F|  |TAMS 0x0000000687000000| PB 0x0000000687000000| Untracked |  0
|  47|0x000000068ec00000, 0x000000068ec74b98, 0x000000068f000000| 11%| E|  |TAMS 0x000000068ec00000| PB 0x000000068ec00000| Complete |  0
|  48|0x000000068f000000, 0x000000068f400000, 0x000000068f400000|100%| E|CS|TAMS 0x000000068f000000| PB 0x000000068f000000| Complete |  0
|  95|0x000000069ac00000, 0x000000069b000000, 0x000000069b000000|100%| E|CS|TAMS 0x000000069ac00000| PB 0x000000069ac00000| Complete |  0

Card table byte_map: [0x0000023e3eb40000,0x0000023e3f730000] _byte_map_base: 0x0000023e3b728000

Marking Bits: (CMBitMap*) 0x0000023e32b93d50
 Bits: [0x0000023e3f730000, 0x0000023e45670000)

Polling page: 0x0000023e322c0000

Metaspace:

Usage:
  Non-class:     57.55 MB used.
      Class:      9.55 MB used.
       Both:     67.10 MB used.

Virtual space:
  Non-class space:       64.00 MB reserved,      57.88 MB ( 90%) committed,  1 nodes.
      Class space:        1.00 GB reserved,       9.75 MB ( <1%) committed,  1 nodes.
             Both:        1.06 GB reserved,      67.62 MB (  6%) committed. 

Chunk freelists:
   Non-Class:  6.03 MB
       Class:  6.14 MB
        Both:  12.17 MB

MaxMetaspaceSize: unlimited
CompressedClassSpaceSize: 1.00 GB
Initial GC threshold: 21.00 MB
Current GC threshold: 93.56 MB
CDS: on
 - commit_granule_bytes: 65536.
 - commit_granule_words: 8192.
 - virtual_space_node_default_size: 8388608.
 - enlarge_chunks_in_place: 1.
 - use_allocation_guard: 0.


Internal statistics:

num_allocs_failed_limit: 6.
num_arena_births: 676.
num_arena_deaths: 0.
num_vsnodes_births: 2.
num_vsnodes_deaths: 0.
num_space_committed: 1082.
num_space_uncommitted: 0.
num_chunks_returned_to_freelist: 6.
num_chunks_taken_from_freelist: 2848.
num_chunk_merges: 6.
num_chunk_splits: 2165.
num_chunks_enlarged: 1819.
num_inconsistent_stats: 0.

CodeCache: size=49152Kb used=13806Kb max_used=14300Kb free=35345Kb
 bounds [0x0000023e3ae40000, 0x0000023e3bc90000, 0x0000023e3de40000]
 total_blobs=8284 nmethods=7564 adapters=643
 compilation: enabled
              stopped_count=0, restarted_count=0
 full_count=0

Compilation events (20 events):
Event: 648.240 Thread 0x0000023e482b3c40 7626       1       org.apache.tomcat.util.descriptor.web.FilterMap::getMatchAllServletNames (5 bytes)
Event: 648.240 Thread 0x0000023e482b3c40 nmethod 7626 0x0000023e3b2ed610 code [0x0000023e3b2ed7a0, 0x0000023e3b2ed870]
Event: 648.241 Thread 0x0000023e482b3c40 7627       1       org.hibernate.internal.AbstractSharedSessionContract::getEventListenerManager (5 bytes)
Event: 648.241 Thread 0x0000023e482b3c40 nmethod 7627 0x0000023e3b2ed310 code [0x0000023e3b2ed4a0, 0x0000023e3b2ed570]
Event: 648.242 Thread 0x0000023e482b3c40 7628   !   1       java.net.Socket::getImpl (115 bytes)
Event: 648.243 Thread 0x0000023e482b3c40 nmethod 7628 0x0000023e3b2ec010 code [0x0000023e3b2ec280, 0x0000023e3b2ecbb0]
Event: 648.244 Thread 0x0000023e482b3c40 7629       1       java.sql.Timestamp::getTime (16 bytes)
Event: 648.244 Thread 0x0000023e482b3c40 nmethod 7629 0x0000023e3b2ebc10 code [0x0000023e3b2ebda0, 0x0000023e3b2ebef8]
Event: 648.245 Thread 0x0000023e482b3c40 7630       1       com.fasterxml.jackson.core.JsonStreamContext::<init> (5 bytes)
Event: 648.245 Thread 0x0000023e482b3c40 nmethod 7630 0x0000023e3b2eb910 code [0x0000023e3b2ebaa0, 0x0000023e3b2ebb68]
Event: 648.248 Thread 0x0000023e482b3c40 7631       1       org.hibernate.persister.entity.AbstractEntityPersister::hasSubclasses (8 bytes)
Event: 648.248 Thread 0x0000023e482b3c40 nmethod 7631 0x0000023e3b2eb610 code [0x0000023e3b2eb7a0, 0x0000023e3b2eb880]
Event: 648.249 Thread 0x0000023e482b3c40 7632       1       org.hibernate.resource.jdbc.internal.AbstractLogicalConnectionImplementor::getStatus (5 bytes)
Event: 648.249 Thread 0x0000023e482b3c40 nmethod 7632 0x0000023e3b2eb310 code [0x0000023e3b2eb4a0, 0x0000023e3b2eb570]
Event: 648.252 Thread 0x0000023e482b3c40 7633       1       com.mysql.cj.protocol.a.SimplePacketReader::resetMessageSequence (6 bytes)
Event: 648.252 Thread 0x0000023e482b3c40 nmethod 7633 0x0000023e3b2eb010 code [0x0000023e3b2eb1a0, 0x0000023e3b2eb268]
Event: 648.253 Thread 0x0000023e482b3c40 7634       1       org.springframework.transaction.support.TransactionSynchronizationManager::doGetResource (70 bytes)
Event: 648.254 Thread 0x0000023e482b3c40 nmethod 7634 0x0000023e3b2ea810 code [0x0000023e3b2eaa20, 0x0000023e3b2eadc0]
Event: 648.254 Thread 0x0000023e482b3c40 7635   !   1       com.mysql.cj.util.StringUtils::getBytes (50 bytes)
Event: 648.254 Thread 0x0000023e482b3c40 nmethod 7635 0x0000023e3b2e9890 code [0x0000023e3b2e9b00, 0x0000023e3b2ea208]

GC Heap History (20 events):
Event: 1.542 GC heap before
{Heap before GC invocations=5 (full 0):
 garbage-first heap   total reserved 6242304K, committed 49152K, used 34570K [0x0000000683000000, 0x0000000800000000)
  region size 4096K, 7 young (28672K), 2 survivors (8192K)
 Metaspace       used 25683K, committed 25984K, reserved 1114112K
  class space    used 3461K, committed 3584K, reserved 1048576K
}
Event: 1.546 GC heap after
{Heap after GC invocations=6 (full 0):
 garbage-first heap   total reserved 6242304K, committed 49152K, used 14610K [0x0000000683000000, 0x0000000800000000)
  region size 4096K, 1 young (4096K), 1 survivors (4096K)
 Metaspace       used 25683K, committed 25984K, reserved 1114112K
  class space    used 3461K, committed 3584K, reserved 1048576K
}
Event: 1.815 GC heap before
{Heap before GC invocations=6 (full 0):
 garbage-first heap   total reserved 6242304K, committed 49152K, used 35090K [0x0000000683000000, 0x0000000800000000)
  region size 4096K, 6 young (24576K), 1 survivors (4096K)
 Metaspace       used 28434K, committed 28800K, reserved 1114112K
  class space    used 3895K, committed 4032K, reserved 1048576K
}
Event: 1.821 GC heap after
{Heap after GC invocations=7 (full 0):
 garbage-first heap   total reserved 6242304K, committed 49152K, used 16285K [0x0000000683000000, 0x0000000800000000)
  region size 4096K, 1 young (4096K), 1 survivors (4096K)
 Metaspace       used 28434K, committed 28800K, reserved 1114112K
  class space    used 3895K, committed 4032K, reserved 1048576K
}
Event: 2.070 GC heap before
{Heap before GC invocations=7 (full 0):
 garbage-first heap   total reserved 6242304K, committed 49152K, used 32669K [0x0000000683000000, 0x0000000800000000)
  region size 4096K, 6 young (24576K), 1 survivors (4096K)
 Metaspace       used 31836K, committed 32256K, reserved 1114112K
  class space    used 4365K, committed 4544K, reserved 1048576K
}
Event: 2.076 GC heap after
{Heap after GC invocations=8 (full 0):
 garbage-first heap   total reserved 6242304K, committed 221184K, used 18550K [0x0000000683000000, 0x0000000800000000)
  region size 4096K, 1 young (4096K), 1 survivors (4096K)
 Metaspace       used 31836K, committed 32256K, reserved 1114112K
  class space    used 4365K, committed 4544K, reserved 1048576K
}
Event: 2.269 GC heap before
{Heap before GC invocations=8 (full 0):
 garbage-first heap   total reserved 6242304K, committed 221184K, used 30838K [0x0000000683000000, 0x0000000800000000)
  region size 4096K, 6 young (24576K), 1 survivors (4096K)
 Metaspace       used 33803K, committed 34176K, reserved 1114112K
  class space    used 4628K, committed 4800K, reserved 1048576K
}
Event: 2.273 GC heap after
{Heap after GC invocations=9 (full 0):
 garbage-first heap   total reserved 6242304K, committed 221184K, used 19914K [0x0000000683000000, 0x0000000800000000)
  region size 4096K, 2 young (8192K), 2 survivors (8192K)
 Metaspace       used 33803K, committed 34176K, reserved 1114112K
  class space    used 4628K, committed 4800K, reserved 1048576K
}
Event: 2.933 GC heap before
{Heap before GC invocations=10 (full 0):
 garbage-first heap   total reserved 6242304K, committed 81920K, used 60874K [0x0000000683000000, 0x0000000800000000)
  region size 4096K, 12 young (49152K), 2 survivors (8192K)
 Metaspace       used 46962K, committed 47360K, reserved 1114112K
  class space    used 6531K, committed 6720K, reserved 1048576K
}
Event: 2.940 GC heap after
{Heap after GC invocations=11 (full 0):
 garbage-first heap   total reserved 6242304K, committed 81920K, used 23313K [0x0000000683000000, 0x0000000800000000)
  region size 4096K, 2 young (8192K), 2 survivors (8192K)
 Metaspace       used 46962K, committed 47360K, reserved 1114112K
  class space    used 6531K, committed 6720K, reserved 1048576K
}
Event: 3.507 GC heap before
{Heap before GC invocations=11 (full 0):
 garbage-first heap   total reserved 6242304K, committed 81920K, used 64273K [0x0000000683000000, 0x0000000800000000)
  region size 4096K, 12 young (49152K), 2 survivors (8192K)
 Metaspace       used 55188K, committed 55680K, reserved 1114112K
  class space    used 7786K, committed 8000K, reserved 1048576K
}
Event: 3.518 GC heap after
{Heap after GC invocations=12 (full 0):
 garbage-first heap   total reserved 6242304K, committed 81920K, used 25627K [0x0000000683000000, 0x0000000800000000)
  region size 4096K, 2 young (8192K), 2 survivors (8192K)
 Metaspace       used 55188K, committed 55680K, reserved 1114112K
  class space    used 7786K, committed 8000K, reserved 1048576K
}
Event: 3.682 GC heap before
{Heap before GC invocations=12 (full 0):
 garbage-first heap   total reserved 6242304K, committed 81920K, used 42011K [0x0000000683000000, 0x0000000800000000)
  region size 4096K, 7 young (28672K), 2 survivors (8192K)
 Metaspace       used 56953K, committed 57408K, reserved 1114112K
  class space    used 8053K, committed 8256K, reserved 1048576K
}
Event: 3.686 GC heap after
{Heap after GC invocations=13 (full 0):
 garbage-first heap   total reserved 6242304K, committed 81920K, used 26852K [0x0000000683000000, 0x0000000800000000)
  region size 4096K, 1 young (4096K), 1 survivors (4096K)
 Metaspace       used 56953K, committed 57408K, reserved 1114112K
  class space    used 8053K, committed 8256K, reserved 1048576K
}
Event: 4.030 GC heap before
{Heap before GC invocations=14 (full 0):
 garbage-first heap   total reserved 6242304K, committed 81920K, used 67812K [0x0000000683000000, 0x0000000800000000)
  region size 4096K, 11 young (45056K), 1 survivors (4096K)
 Metaspace       used 58561K, committed 59008K, reserved 1114112K
  class space    used 8353K, committed 8512K, reserved 1048576K
}
Event: 4.033 GC heap after
{Heap after GC invocations=15 (full 0):
 garbage-first heap   total reserved 6242304K, committed 81920K, used 28223K [0x0000000683000000, 0x0000000800000000)
  region size 4096K, 2 young (8192K), 2 survivors (8192K)
 Metaspace       used 58561K, committed 59008K, reserved 1114112K
  class space    used 8353K, committed 8512K, reserved 1048576K
}
Event: 7.129 GC heap before
{Heap before GC invocations=15 (full 0):
 garbage-first heap   total reserved 6242304K, committed 81920K, used 65087K [0x0000000683000000, 0x0000000800000000)
  region size 4096K, 11 young (45056K), 2 survivors (8192K)
 Metaspace       used 62315K, committed 62848K, reserved 1114112K
  class space    used 8879K, committed 9088K, reserved 1048576K
}
Event: 7.134 GC heap after
{Heap after GC invocations=16 (full 0):
 garbage-first heap   total reserved 6242304K, committed 81920K, used 30797K [0x0000000683000000, 0x0000000800000000)
  region size 4096K, 2 young (8192K), 2 survivors (8192K)
 Metaspace       used 62315K, committed 62848K, reserved 1114112K
  class space    used 8879K, committed 9088K, reserved 1048576K
}
Event: 204.790 GC heap before
{Heap before GC invocations=16 (full 0):
 garbage-first heap   total reserved 6242304K, committed 81920K, used 63565K [0x0000000683000000, 0x0000000800000000)
  region size 4096K, 10 young (40960K), 2 survivors (8192K)
 Metaspace       used 68579K, committed 69120K, reserved 1114112K
  class space    used 9760K, committed 9984K, reserved 1048576K
}
Event: 204.795 GC heap after
{Heap after GC invocations=17 (full 0):
 garbage-first heap   total reserved 6242304K, committed 81920K, used 33030K [0x0000000683000000, 0x0000000800000000)
  region size 4096K, 2 young (8192K), 2 survivors (8192K)
 Metaspace       used 68579K, committed 69120K, reserved 1114112K
  class space    used 9760K, committed 9984K, reserved 1048576K
}

Dll operation events (12 events):
Event: 0.018 Loaded shared library C:\Program Files\Java\jdk-22\bin\java.dll
Event: 0.270 Loaded shared library C:\Program Files\Java\jdk-22\bin\zip.dll
Event: 0.274 Loaded shared library C:\Program Files\Java\jdk-22\bin\instrument.dll
Event: 0.277 Loaded shared library C:\Program Files\Java\jdk-22\bin\net.dll
Event: 0.278 Loaded shared library C:\Program Files\Java\jdk-22\bin\nio.dll
Event: 0.280 Loaded shared library C:\Program Files\Java\jdk-22\bin\zip.dll
Event: 0.385 Loaded shared library C:\Program Files\Java\jdk-22\bin\jimage.dll
Event: 0.422 Loaded shared library C:\Program Files\Java\jdk-22\bin\management.dll
Event: 0.431 Loaded shared library C:\Program Files\Java\jdk-22\bin\management_ext.dll
Event: 0.578 Loaded shared library C:\Program Files\Java\jdk-22\bin\extnet.dll
Event: 0.618 Loaded shared library C:\Program Files\Java\jdk-22\bin\verify.dll
Event: 2.102 Loaded shared library C:\Program Files\Java\jdk-22\bin\sunmscapi.dll

Deoptimization events (20 events):
Event: 204.617 Thread 0x0000023e908e25d0 DEOPT PACKING pc=0x0000023e3b2767f4 sp=0x0000007e42cfaaf0
Event: 204.617 Thread 0x0000023e908e25d0 DEOPT UNPACKING pc=0x0000023e3ae94e42 sp=0x0000007e42cf9fb8 mode 1
Event: 204.617 Thread 0x0000023e908e25d0 DEOPT PACKING pc=0x0000023e3b2764ec sp=0x0000007e42cfab80
Event: 204.617 Thread 0x0000023e908e25d0 DEOPT UNPACKING pc=0x0000023e3ae94e42 sp=0x0000007e42cfa058 mode 1
Event: 204.617 Thread 0x0000023e908e25d0 DEOPT PACKING pc=0x0000023e3b351559 sp=0x0000007e42cfa0a0
Event: 204.617 Thread 0x0000023e908e25d0 DEOPT UNPACKING pc=0x0000023e3ae94e42 sp=0x0000007e42cf94f8 mode 1
Event: 204.617 Thread 0x0000023e908e25d0 DEOPT PACKING pc=0x0000023e3b34fd0c sp=0x0000007e42cfa130
Event: 204.617 Thread 0x0000023e908e25d0 DEOPT UNPACKING pc=0x0000023e3ae94e42 sp=0x0000007e42cf95d8 mode 1
Event: 204.617 Thread 0x0000023e908e25d0 DEOPT PACKING pc=0x0000023e3b2767f4 sp=0x0000007e42cfaaf0
Event: 204.617 Thread 0x0000023e908e25d0 DEOPT UNPACKING pc=0x0000023e3ae94e42 sp=0x0000007e42cf9fb8 mode 1
Event: 204.617 Thread 0x0000023e908e25d0 DEOPT PACKING pc=0x0000023e3b2764ec sp=0x0000007e42cfab80
Event: 204.617 Thread 0x0000023e908e25d0 DEOPT UNPACKING pc=0x0000023e3ae94e42 sp=0x0000007e42cfa058 mode 1
Event: 342.824 Thread 0x0000023e908e18b0 DEOPT PACKING pc=0x0000023e3b351559 sp=0x0000007e429fcdd0
Event: 342.824 Thread 0x0000023e908e18b0 DEOPT UNPACKING pc=0x0000023e3ae94e42 sp=0x0000007e429fc228 mode 1
Event: 342.824 Thread 0x0000023e908e18b0 DEOPT PACKING pc=0x0000023e3b34fd0c sp=0x0000007e429fce60
Event: 342.824 Thread 0x0000023e908e18b0 DEOPT UNPACKING pc=0x0000023e3ae94e42 sp=0x0000007e429fc308 mode 1
Event: 709.639 Thread 0x0000023e8ff147e0 DEOPT PACKING pc=0x0000023e3b9a8ab4 sp=0x0000007e428fb7d0
Event: 709.639 Thread 0x0000023e8ff147e0 DEOPT UNPACKING pc=0x0000023e3ae94e42 sp=0x0000007e428fac78 mode 0
Event: 709.641 Thread 0x0000023e908e18b0 DEOPT PACKING pc=0x0000023e3b9a8ab4 sp=0x0000007e429fb0a0
Event: 709.641 Thread 0x0000023e908e18b0 DEOPT UNPACKING pc=0x0000023e3ae94e42 sp=0x0000007e429fa548 mode 0

Classes loaded (20 events):
Event: 7.224 Loading class com/sun/crypto/provider/HmacCore$HmacSHA256
Event: 7.224 Loading class com/sun/crypto/provider/HmacCore$HmacSHA256 done
Event: 38.377 Loading class javax/xml/datatype/XMLGregorianCalendar
Event: 38.377 Loading class javax/xml/datatype/XMLGregorianCalendar done
Event: 61.840 Loading class java/time/format/DateTimeFormatterBuilder$ZoneTextPrinterParser
Event: 61.841 Loading class java/time/format/DateTimeFormatterBuilder$ZoneTextPrinterParser done
Event: 61.841 Loading class java/time/format/DateTimeFormatterBuilder$ReducedPrinterParser
Event: 61.841 Loading class java/time/format/DateTimeFormatterBuilder$ReducedPrinterParser done
Event: 61.859 Loading class java/util/stream/LongStream
Event: 61.860 Loading class java/util/stream/LongStream done
Event: 61.860 Loading class java/util/stream/DoubleStream
Event: 61.860 Loading class java/util/stream/DoubleStream done
Event: 61.874 Loading class org/w3c/dom/Document
Event: 61.874 Loading class org/w3c/dom/Document done
Event: 61.887 Loading class sun/nio/cs/ISO_8859_1$Encoder
Event: 61.887 Loading class sun/nio/cs/ISO_8859_1$Encoder done
Event: 342.818 Loading class java/util/logging/LogRecord
Event: 342.818 Loading class java/util/logging/LogRecord done
Event: 342.824 Loading class sun/reflect/Reflection
Event: 342.824 Loading class sun/reflect/Reflection done

Classes unloaded (0 events):
No events

Classes redefined (1 events):
Event: 709.668 Thread 0x0000023e458cea60 redefined class name=com.openclassrooms.mddapi.controllers.ThemeController, count=1

Internal exceptions (20 events):
Event: 4.012 Thread 0x0000023e32b0b1b0 Exception <a 'java/lang/ClassNotFoundException'{0x00000006855e89f8}: org/springframework/web/servlet/config/annotation/DelegatingWebMvcConfigurationCustomizer> (0x00000006855e89f8) 
thrown [s\open\src\hotspot\share\classfile\systemDictionary.cpp, line 313]
Event: 4.012 Thread 0x0000023e32b0b1b0 Exception <a 'java/lang/ClassNotFoundException'{0x00000006855f2168}: org/springframework/boot/autoconfigure/web/servlet/WebMvcAutoConfiguration$EnableWebMvcConfigurationCustomizer> (0x00000006855f2168) 
thrown [s\open\src\hotspot\share\classfile\systemDictionary.cpp, line 313]
Event: 4.013 Thread 0x0000023e32b0b1b0 Exception <a 'java/lang/ClassNotFoundException'{0x0000000685604b68}: org/springframework/context/ResourceLoaderAwareCustomizer> (0x0000000685604b68) 
thrown [s\open\src\hotspot\share\classfile\systemDictionary.cpp, line 313]
Event: 4.013 Thread 0x0000023e32b0b1b0 Exception <a 'java/lang/ClassNotFoundException'{0x0000000685609de8}: org/springframework/beans/factory/AwareCustomizer> (0x0000000685609de8) 
thrown [s\open\src\hotspot\share\classfile\systemDictionary.cpp, line 313]
Event: 4.014 Thread 0x0000023e32b0b1b0 Exception <a 'java/lang/ClassNotFoundException'{0x000000068560e488}: org/springframework/context/ApplicationContextAwareCustomizer> (0x000000068560e488) 
thrown [s\open\src\hotspot\share\classfile\systemDictionary.cpp, line 313]
Event: 4.014 Thread 0x0000023e32b0b1b0 Exception <a 'java/lang/ClassNotFoundException'{0x0000000685614220}: org/springframework/beans/factory/AwareCustomizer> (0x0000000685614220) 
thrown [s\open\src\hotspot\share\classfile\systemDictionary.cpp, line 313]
Event: 4.014 Thread 0x0000023e32b0b1b0 Exception <a 'java/lang/ClassNotFoundException'{0x0000000685618898}: org/springframework/web/context/ServletContextAwareCustomizer> (0x0000000685618898) 
thrown [s\open\src\hotspot\share\classfile\systemDictionary.cpp, line 313]
Event: 4.015 Thread 0x0000023e32b0b1b0 Exception <a 'java/lang/ClassNotFoundException'{0x000000068561e188}: org/springframework/beans/factory/AwareCustomizer> (0x000000068561e188) 
thrown [s\open\src\hotspot\share\classfile\systemDictionary.cpp, line 313]
Event: 4.017 Thread 0x0000023e32b0b1b0 Exception <a 'java/lang/NoSuchMethodError'{0x000000068565a738}: 'java.lang.Object java.lang.invoke.DirectMethodHandle$Holder.newInvokeSpecial(java.lang.Object, java.lang.Object, java.lang.Object, java.lang.Object, java.lang.Object, java.lang.Object, java.lang.Object, java.lang.Object)'> (0x000000068565a738) 
thrown [s\open\src\hotspot\share\interpreter\linkResolver.cpp, line 774]
Event: 4.158 Thread 0x0000023e32b0b1b0 Exception <a 'java/lang/IncompatibleClassChangeError'{0x000000068efbe770}: Found class java.lang.Object, but interface was expected> (0x000000068efbe770) 
thrown [s\open\src\hotspot\share\interpreter\linkResolver.cpp, line 841]
Event: 4.193 Thread 0x0000023e32b0b1b0 Exception <a 'java/lang/NoSuchMethodError'{0x00000006872dae48}: 'java.lang.Object java.lang.invoke.DirectMethodHandle$Holder.invokeInterface(java.lang.Object, java.lang.Object, java.lang.Object, java.lang.Object)'> (0x00000006872dae48) 
thrown [s\open\src\hotspot\share\interpreter\linkResolver.cpp, line 774]
Event: 4.222 Thread 0x0000023e32b0b1b0 Exception <a 'java/lang/NoSuchMethodError'{0x0000000686d1ef28}: 'void java.lang.invoke.DirectMethodHandle$Holder.invokeVirtual(java.lang.Object, java.lang.Object, long)'> (0x0000000686d1ef28) 
thrown [s\open\src\hotspot\share\interpreter\linkResolver.cpp, line 774]
Event: 4.273 Thread 0x0000023e32b0b1b0 Exception <a 'java/lang/NoSuchMethodError'{0x000000068699a6e0}: 'int java.lang.invoke.DirectMethodHandle$Holder.invokeStaticInit(java.lang.Object, java.lang.Object, java.lang.Object, java.lang.Object)'> (0x000000068699a6e0) 
thrown [s\open\src\hotspot\share\interpreter\linkResolver.cpp, line 774]
Event: 4.357 Thread 0x0000023e32b0b1b0 Exception <a 'java/lang/NoSuchMethodError'{0x00000006862431e8}: 'java.lang.Object java.lang.invoke.DirectMethodHandle$Holder.invokeSpecial(java.lang.Object, java.lang.Object, int, java.lang.Object, int, java.lang.Object)'> (0x00000006862431e8) 
thrown [s\open\src\hotspot\share\interpreter\linkResolver.cpp, line 774]
Event: 4.357 Thread 0x0000023e32b0b1b0 Exception <a 'java/lang/NoSuchMethodError'{0x000000068624a5b0}: 'java.lang.Object java.lang.invoke.DirectMethodHandle$Holder.newInvokeSpecial(java.lang.Object, java.lang.Object, int, java.lang.Object, int)'> (0x000000068624a5b0) 
thrown [s\open\src\hotspot\share\interpreter\linkResolver.cpp, line 774]
Event: 4.357 Thread 0x0000023e32b0b1b0 Exception <a 'java/lang/NoSuchMethodError'{0x000000068624e4b0}: 'java.lang.Object java.lang.invoke.DirectMethodHandle$Holder.invokeSpecial(java.lang.Object, java.lang.Object, java.lang.Object, int, java.lang.Object, int)'> (0x000000068624e4b0) 
thrown [s\open\src\hotspot\share\interpreter\linkResolver.cpp, line 774]
Event: 7.322 Thread 0x0000023e8ff13ac0 Exception <a 'java/lang/IncompatibleClassChangeError'{0x000000068efdefb8}: Found class java.lang.Object, but interface was expected> (0x000000068efdefb8) 
thrown [s\open\src\hotspot\share\interpreter\linkResolver.cpp, line 841]
Event: 7.335 Thread 0x0000023e8ff13ac0 Exception <a 'java/lang/NoSuchMethodError'{0x00000006870730b8}: 'java.lang.Object java.lang.invoke.DirectMethodHandle$Holder.invokeStaticInit(java.lang.Object, java.lang.Object, java.lang.Object, java.lang.Object, java.lang.Object, java.lang.Object)'> (0x00000006870730b8) 
thrown [s\open\src\hotspot\share\interpreter\linkResolver.cpp, line 774]
Event: 204.610 Thread 0x0000023e908e25d0 Exception <a 'java/lang/NoSuchMethodError'{0x00000006866b9ad0}: 'java.lang.Object java.lang.invoke.DirectMethodHandle$Holder.newInvokeSpecial(java.lang.Object, java.lang.Object, java.lang.Object, java.lang.Object, java.lang.Object, java.lang.Object, java.lang.Object)'> (0x00000006866b9ad0) 
thrown [s\open\src\hotspot\share\interpreter\linkResolver.cpp, line 774]
Event: 342.824 Thread 0x0000023e908e18b0 Exception <a 'java/lang/NoClassDefFoundError'{0x000000069af42e50}: sun/reflect/Reflection> (0x000000069af42e50) 
thrown [s\open\src\hotspot\share\classfile\systemDictionary.cpp, line 302]

ZGC Phase Switch (0 events):
No events

VM Operations (20 events):
Event: 648.265 Executing VM operation: GetObjectMonitorUsage
Event: 648.265 Executing VM operation: GetObjectMonitorUsage done
Event: 648.265 Executing VM operation: GetObjectMonitorUsage
Event: 648.265 Executing VM operation: GetObjectMonitorUsage done
Event: 654.323 Executing VM operation: Cleanup
Event: 654.324 Executing VM operation: Cleanup done
Event: 709.639 Executing VM operation: ChangeSingleStep
Event: 709.639 Executing VM operation: ChangeSingleStep done
Event: 709.640 Executing VM operation: ChangeSingleStep
Event: 709.640 Executing VM operation: ChangeSingleStep done
Event: 709.641 Executing VM operation: ChangeSingleStep
Event: 709.641 Executing VM operation: ChangeSingleStep done
Event: 709.641 Executing VM operation: ChangeSingleStep
Event: 709.641 Executing VM operation: ChangeSingleStep done
Event: 709.658 Executing VM operation: RedefineClasses
Event: 709.688 Executing VM operation: RedefineClasses done
Event: 709.707 Executing VM operation: ChangeBreakpoints
Event: 709.710 Executing VM operation: ChangeBreakpoints done
Event: 709.715 Executing VM operation: ChangeSingleStep
Event: 709.715 Executing VM operation: ChangeSingleStep done

Events (20 events):
Event: 12.355 Thread 0x0000023e8e4ef860 Thread exited: 0x0000023e8e4ef860
Event: 17.355 Thread 0x0000023e483a8310 Thread exited: 0x0000023e483a8310
Event: 17.355 Thread 0x0000023e483acb60 Thread exited: 0x0000023e483acb60
Event: 38.356 Thread 0x0000023e483acb60 Thread added: 0x0000023e483acb60
Event: 43.399 Thread 0x0000023e483acb60 Thread exited: 0x0000023e483acb60
Event: 91.062 Thread 0x0000023e8ec22a40 Thread exited: 0x0000023e8ec22a40
Event: 152.682 Thread 0x0000023e483acb60 Thread added: 0x0000023e483acb60
Event: 152.695 Thread 0x0000023e483a8310 Thread added: 0x0000023e483a8310
Event: 159.521 Thread 0x0000023e483a8310 Thread exited: 0x0000023e483a8310
Event: 164.527 Thread 0x0000023e483acb60 Thread exited: 0x0000023e483acb60
Event: 201.463 Thread 0x0000023e90b3a3a0 Thread added: 0x0000023e90b3a3a0
Event: 201.475 Thread 0x0000023e8e2b6de0 Thread added: 0x0000023e8e2b6de0
Event: 201.475 Thread 0x0000023e8e2b74a0 Thread added: 0x0000023e8e2b74a0
Event: 203.373 Thread 0x0000023e8e2b74a0 Thread exited: 0x0000023e8e2b74a0
Event: 216.122 Thread 0x0000023e8e2b6de0 Thread exited: 0x0000023e8e2b6de0
Event: 216.123 Thread 0x0000023e90b3a3a0 Thread exited: 0x0000023e90b3a3a0
Event: 313.854 Thread 0x0000023e90c8f460 Thread added: 0x0000023e90c8f460
Event: 318.876 Thread 0x0000023e90c8f460 Thread exited: 0x0000023e90c8f460
Event: 437.166 Thread 0x0000023e90c8f460 Thread added: 0x0000023e90c8f460
Event: 446.769 Thread 0x0000023e90c8f460 Thread exited: 0x0000023e90c8f460


Dynamic libraries:
0x00007ff763f80000 - 0x00007ff763f90000 	C:\Program Files\Java\jdk-22\bin\javaw.exe
0x00007ffd51ad0000 - 0x00007ffd51ce7000 	C:\WINDOWS\SYSTEM32\ntdll.dll
0x00007ffd50310000 - 0x00007ffd503d4000 	C:\WINDOWS\System32\KERNEL32.DLL
0x00007ffd4ee00000 - 0x00007ffd4f1ad000 	C:\WINDOWS\System32\KERNELBASE.dll
0x00007ffd4f230000 - 0x00007ffd4f341000 	C:\WINDOWS\System32\ucrtbase.dll
0x00007ffd4ca10000 - 0x00007ffd4ca27000 	C:\Program Files\Java\jdk-22\bin\jli.dll
0x00007ffd4c9f0000 - 0x00007ffd4ca0b000 	C:\Program Files\Java\jdk-22\bin\VCRUNTIME140.dll
0x00007ffd503e0000 - 0x00007ffd50492000 	C:\WINDOWS\System32\ADVAPI32.dll
0x00007ffd518c0000 - 0x00007ffd51967000 	C:\WINDOWS\System32\msvcrt.dll
0x00007ffd50260000 - 0x00007ffd50309000 	C:\WINDOWS\System32\sechost.dll
0x00007ffd4f7e0000 - 0x00007ffd4f808000 	C:\WINDOWS\System32\bcrypt.dll
0x00007ffd50da0000 - 0x00007ffd50eb4000 	C:\WINDOWS\System32\RPCRT4.dll
0x00007ffd51690000 - 0x00007ffd5183e000 	C:\WINDOWS\System32\USER32.dll
0x00007ffd137e0000 - 0x00007ffd13a73000 	C:\WINDOWS\WinSxS\amd64_microsoft.windows.common-controls_6595b64144ccf1df_6.0.22621.3672_none_2713b9d173822955\COMCTL32.dll
0x00007ffd4f740000 - 0x00007ffd4f766000 	C:\WINDOWS\System32\win32u.dll
0x00007ffd504c0000 - 0x00007ffd504e9000 	C:\WINDOWS\System32\GDI32.dll
0x00007ffd4f620000 - 0x00007ffd4f739000 	C:\WINDOWS\System32\gdi32full.dll
0x00007ffd4f350000 - 0x00007ffd4f3ea000 	C:\WINDOWS\System32\msvcp_win.dll
0x00007ffd3e0c0000 - 0x00007ffd3e0ca000 	C:\WINDOWS\SYSTEM32\VERSION.dll
0x00007ffd51150000 - 0x00007ffd51181000 	C:\WINDOWS\System32\IMM32.DLL
0x00007ffd4c9e0000 - 0x00007ffd4c9ec000 	C:\Program Files\Java\jdk-22\bin\vcruntime140_1.dll
0x00007ffd4c950000 - 0x00007ffd4c9de000 	C:\Program Files\Java\jdk-22\bin\msvcp140.dll
0x00007ffcda340000 - 0x00007ffcdb087000 	C:\Program Files\Java\jdk-22\bin\server\jvm.dll
0x00007ffd508a0000 - 0x00007ffd50911000 	C:\WINDOWS\System32\WS2_32.dll
0x00007ffd4dc50000 - 0x00007ffd4dc9d000 	C:\WINDOWS\SYSTEM32\POWRPROF.dll
0x00007ffd3e120000 - 0x00007ffd3e154000 	C:\WINDOWS\SYSTEM32\WINMM.dll
0x00007ffd4dc30000 - 0x00007ffd4dc43000 	C:\WINDOWS\SYSTEM32\UMPDC.dll
0x00007ffd4dee0000 - 0x00007ffd4def8000 	C:\WINDOWS\SYSTEM32\kernel.appcore.dll
0x00007ffd4c940000 - 0x00007ffd4c94a000 	C:\Program Files\Java\jdk-22\bin\jimage.dll
0x00007ffd4b870000 - 0x00007ffd4baa2000 	C:\WINDOWS\SYSTEM32\DBGHELP.DLL
0x00007ffd512a0000 - 0x00007ffd51628000 	C:\WINDOWS\System32\combase.dll
0x00007ffd50180000 - 0x00007ffd50257000 	C:\WINDOWS\System32\OLEAUT32.dll
0x00007ffd4beb0000 - 0x00007ffd4bee2000 	C:\WINDOWS\SYSTEM32\dbgcore.DLL
0x00007ffd4f1b0000 - 0x00007ffd4f22b000 	C:\WINDOWS\System32\bcryptPrimitives.dll
0x00007ffd4c900000 - 0x00007ffd4c93c000 	C:\Program Files\Java\jdk-22\bin\jdwp.dll
0x00007ffd4c8f0000 - 0x00007ffd4c8ff000 	C:\Program Files\Java\jdk-22\bin\instrument.dll
0x00007ffd4c880000 - 0x00007ffd4c89e000 	C:\Program Files\Java\jdk-22\bin\java.dll
0x00007ffd4f920000 - 0x00007ffd5017f000 	C:\WINDOWS\System32\SHELL32.dll
0x00007ffd50ec0000 - 0x00007ffd51065000 	C:\WINDOWS\System32\ole32.dll
0x00007ffd4cd10000 - 0x00007ffd4d60c000 	C:\WINDOWS\SYSTEM32\windows.storage.dll
0x00007ffd4cbd0000 - 0x00007ffd4cd0f000 	C:\WINDOWS\SYSTEM32\wintypes.dll
0x00007ffd51990000 - 0x00007ffd51a84000 	C:\WINDOWS\System32\SHCORE.dll
0x00007ffd51630000 - 0x00007ffd5168e000 	C:\WINDOWS\System32\shlwapi.dll
0x00007ffd4ed30000 - 0x00007ffd4ed51000 	C:\WINDOWS\SYSTEM32\profapi.dll
0x00007ffd4c8e0000 - 0x00007ffd4c8ec000 	C:\Program Files\Java\jdk-22\bin\dt_socket.dll
0x00007ffd4d860000 - 0x00007ffd4d88d000 	C:\WINDOWS\SYSTEM32\IPHLPAPI.DLL
0x00007ffd4e340000 - 0x00007ffd4e3a9000 	C:\WINDOWS\system32\mswsock.dll
0x00007ffd4d890000 - 0x00007ffd4d988000 	C:\WINDOWS\SYSTEM32\DNSAPI.dll
0x00007ffd506c0000 - 0x00007ffd506c9000 	C:\WINDOWS\System32\NSI.dll
0x00007ffd3e0d0000 - 0x00007ffd3e0da000 	C:\Windows\System32\rasadhlp.dll
0x00007ffd483f0000 - 0x00007ffd48473000 	C:\WINDOWS\System32\fwpuclnt.dll
0x00007ffd4c7b0000 - 0x00007ffd4c7c7000 	C:\Program Files\Java\jdk-22\bin\zip.dll
0x00007ffd4c860000 - 0x00007ffd4c870000 	C:\Program Files\Java\jdk-22\bin\net.dll
0x00007ffd4c3d0000 - 0x00007ffd4c3e6000 	C:\Program Files\Java\jdk-22\bin\nio.dll
0x00007ffd4c790000 - 0x00007ffd4c79a000 	C:\Program Files\Java\jdk-22\bin\management.dll
0x00007ffd4c2d0000 - 0x00007ffd4c2db000 	C:\Program Files\Java\jdk-22\bin\management_ext.dll
0x00007ffd50890000 - 0x00007ffd50898000 	C:\WINDOWS\System32\PSAPI.DLL
0x00007ffd3d7d0000 - 0x00007ffd3d7e7000 	C:\WINDOWS\system32\napinsp.dll
0x00007ffd3d7b0000 - 0x00007ffd3d7cb000 	C:\WINDOWS\system32\pnrpnsp.dll
0x00007ffd3d790000 - 0x00007ffd3d7a1000 	C:\WINDOWS\System32\winrnr.dll
0x00007ffd3d770000 - 0x00007ffd3d785000 	C:\WINDOWS\system32\wshbth.dll
0x00007ffd3d740000 - 0x00007ffd3d767000 	C:\WINDOWS\system32\nlansp_c.dll
0x00007ffd4e690000 - 0x00007ffd4e6ab000 	C:\WINDOWS\SYSTEM32\CRYPTSP.dll
0x00007ffd4de40000 - 0x00007ffd4de75000 	C:\WINDOWS\system32\rsaenh.dll
0x00007ffd4e3e0000 - 0x00007ffd4e408000 	C:\WINDOWS\SYSTEM32\USERENV.dll
0x00007ffd4e670000 - 0x00007ffd4e67c000 	C:\WINDOWS\SYSTEM32\CRYPTBASE.dll
0x00007ffd4c2c0000 - 0x00007ffd4c2c9000 	C:\Program Files\Java\jdk-22\bin\extnet.dll
0x00007ffd4c1f0000 - 0x00007ffd4c200000 	C:\Program Files\Java\jdk-22\bin\verify.dll
0x00007ffd4c040000 - 0x00007ffd4c04e000 	C:\Program Files\Java\jdk-22\bin\sunmscapi.dll
0x00007ffd4f4b0000 - 0x00007ffd4f617000 	C:\WINDOWS\System32\CRYPT32.dll
0x00007ffd4e790000 - 0x00007ffd4e7be000 	C:\WINDOWS\SYSTEM32\ncrypt.dll
0x00007ffd4e750000 - 0x00007ffd4e787000 	C:\WINDOWS\SYSTEM32\NTASN1.dll
0x00007ffd37be0000 - 0x00007ffd37be8000 	C:\WINDOWS\system32\wshunix.dll

dbghelp: loaded successfully - version: 4.0.5 - missing functions: none
symbol engine: initialized successfully - sym options: 0x614 - pdb path: .;C:\Program Files\Java\jdk-22\bin;C:\WINDOWS\SYSTEM32;C:\WINDOWS\WinSxS\amd64_microsoft.windows.common-controls_6595b64144ccf1df_6.0.22621.3672_none_2713b9d173822955;C:\Program Files\Java\jdk-22\bin\server

VM Arguments:
jvm_args: -XX:+ShowCodeDetailsInExceptionMessages -agentlib:jdwp=transport=dt_socket,suspend=y,address=localhost:61965 -Dcom.sun.management.jmxremote -Dcom.sun.management.jmxremote.port=61963 -Dcom.sun.management.jmxremote.authenticate=false -Dcom.sun.management.jmxremote.ssl=false -Djava.rmi.server.hostname=localhost -Dspring.jmx.enabled=true -Dmanagement.endpoints.jmx.exposure.include=* -Dspring.application.admin.enabled=true -XX:TieredStopAtLevel=1 -Dspring.boot.project.name=mdd-api -javaagent:C:\Downloads\sts-4.22.1.RELEASE\configuration\org.eclipse.osgi\266\0\.cp\lib\javaagent-shaded.jar -Dfile.encoding=UTF-8 -Dstdout.encoding=UTF-8 -Dstderr.encoding=UTF-8 
java_command: com.openclassrooms.mddapi.MddApiApplication --spring.output.ansi.enabled=always
java_class_path (initial): C:\Users\aymen\workspace\projet6\Developpez-une-application-full-stack-complete\back\target\classes;C:\Users\aymen\.m2\repository\org\springframework\boot\spring-boot-starter-data-jpa\2.7.3\spring-boot-starter-data-jpa-2.7.3.jar;C:\Users\aymen\.m2\repository\org\springframework\boot\spring-boot-starter-aop\2.7.3\spring-boot-starter-aop-2.7.3.jar;C:\Users\aymen\.m2\repository\org\aspectj\aspectjweaver\1.9.7\aspectjweaver-1.9.7.jar;C:\Users\aymen\.m2\repository\org\springframework\boot\spring-boot-starter-jdbc\2.7.3\spring-boot-starter-jdbc-2.7.3.jar;C:\Users\aymen\.m2\repository\com\zaxxer\HikariCP\4.0.3\HikariCP-4.0.3.jar;C:\Users\aymen\.m2\repository\org\springframework\spring-jdbc\5.3.22\spring-jdbc-5.3.22.jar;C:\Users\aymen\.m2\repository\jakarta\transaction\jakarta.transaction-api\1.3.3\jakarta.transaction-api-1.3.3.jar;C:\Users\aymen\.m2\repository\jakarta\persistence\jakarta.persistence-api\2.2.3\jakarta.persistence-api-2.2.3.jar;C:\Users\aymen\.m2\repository\org\hibernate\hibernate-core\5.6.10.Final\hibernate-core-5.6.10.Final.jar;C:\Users\aymen\.m2\repository\org\jboss\logging\jboss-logging\3.4.3.Final\jboss-logging-3.4.3.Final.jar;C:\Users\aymen\.m2\repository\net\bytebuddy\byte-buddy\1.12.13\byte-buddy-1.12.13.jar;C:\Users\aymen\.m2\repository\antlr\antlr\2.7.7\antlr-2.7.7.jar;C:\Users\aymen\.m2\repository\org\jboss\jandex\2.4.2.Final\jandex-2.4.2.Final.jar;C:\Users\aymen\.m2\repository\com\fasterxml\classmate\1.5.1\classmate-1.5.1.jar;C:\Users\aymen\.m2\repository\org\hibernate\common\hibernate-commons-annotations\5.1.2.Final\hibernate-commons-annotations-5.1.2.Final.jar;C:\Users\aymen\.m2\repository\org\glassfish\jaxb\jaxb-runtime\2.3.6\jaxb-runtime-2.3.6.jar;C:\Users\aymen\.m2\repository\org\glassfish\jaxb\txw2\2.3.6\txw2-2.3.6.jar;C:\Users\aymen\.m2\repository\com\sun\istack\istack-commons-runtime\3.0.12\istack-commons-runtime-3.0.12.jar;C:\Users\aymen\.m2\repository\com\sun\activation\jakarta.activation\1.2.2\jakarta.activation-1.2.2.jar;C:\Users\aymen\.m2\repository\org\springframework\data\spring-data-jpa\2.7.2\spring-data-jpa-2.7.2.jar;C:\Users\aymen\.m2\repository\org\springframework\data\spring-data-commons\2.7.2\spring-data-commons-2.7.2.jar;C:\Users\aymen\.m2\repository\org\springframework\spring-orm\5.3.22\spring-orm-5.3.22.jar;C:\Users\aymen\.m2\repository\org\springframework\spring-context\5.3.22\spring-context-5.3.22.jar;C:\Users\aymen\.m2\repository\org\springframework\spring-tx\5.3.22\spring-tx-5.3.22.jar;C:\Users\aymen\.m2\repository\org\springframework\spring-beans\5.3.22\spring-beans-5.3.22.jar;C:\Users\aymen\.m2\repository\org\slf4j\slf4j-api\1.7.36\slf4j-api-1.7.36.jar;C:\Users\aymen\.m2\repository\org\springframework\spring-aspects\5.3.22\spring-aspects-5.3.22.jar;C:\Users\aymen\.m2\repository\org\springframework\boot\spring-boot-starter-web\2.7.3\spring-boot-starter-web-2.7.3.jar;C:\Users\aymen\.m2\repository\org\springframework\boot\spring-boot-starter\2.7.3\spring-boot-starter-2.7.3.jar;C:\Users\aymen\.m2\repository\org\springframework\boot\spring-boot\2.7.3\spring-boot-2.7.3.jar;C:\Users\aymen\.m2\repository\org\springframework\boot\spring-boot-autoconfigure\2.7.3\spring-boot-autoconfigure-2.7.3.jar;C:\Users\aymen\.m2\repository\org\springframework\boot\spring-boot-starter-logging\2.7.3\spring-boot-starter-logging-2.7.3.jar;C:\Users\aymen\.m2\repository\ch\qos\logback\logback-classic\1.2.11\logback-classic-1.2.11.jar;C:\Users\aymen\.m2\repository\ch\qos\logback\logback-core\1.2.11\logback-core-1.2.11.jar;C:\Users\aymen\.m2\repository\org\apache\logging\log4j\log4j-to-slf4j\2.17.2\log4j-to-slf4j-2.17.2.jar;C:\Users\aymen\.m2\repository\org\apache\logging\log4j\log4j-api\2.17.2\log4j-api-2.17.2.jar;C:\Users\aymen\.m2\repository\org\slf4j\jul-to-slf4j\1.7.36\jul-to-slf4j-1.7.36.jar;C:\Users\aymen\.m2\repository\jakarta\annotation\jakarta.annotation-api\1.3.5\jakarta.annotation-api-1.3.5.jar;C:\Users\aymen\.m2\repository\org\yaml\snakeyaml\1.30\snakeyaml-1.30.jar;C:\Users\aymen\.m2\repository\org\springframework\boot\spring-boot-starter-json\2.7.3\spring-boot-starter-json-2.7.3.jar;C:\Users\aymen\.m2\repository\com\fasterxml\jackson\datatype\jackson-datatype-jdk8\2.13.3\jackson-datatype-jdk8-2.13.3.jar;C:\Users\aymen\.m2\repository\com\fasterxml\jackson\datatype\jackson-datatype-jsr310\2.13.3\jackson-datatype-jsr310-2.13.3.jar;C:\Users\aymen\.m2\repository\com\fasterxml\jackson\module\jackson-module-parameter-names\2.13.3\jackson-module-parameter-names-2.13.3.jar;C:\Users\aymen\.m2\repository\org\springframework\boot\spring-boot-starter-tomcat\2.7.3\spring-boot-starter-tomcat-2.7.3.jar;C:\Users\aymen\.m2\repository\org\apache\tomcat\embed\tomcat-embed-core\9.0.65\tomcat-embed-core-9.0.65.jar;C:\Users\aymen\.m2\repository\org\apache\tomcat\embed\tomcat-embed-websocket\9.0.65\tomcat-embed-websocket-9.0.65.jar;C:\Users\aymen\.m2\repository\org\springframework\spring-web\5.3.22\spring-web-5.3.22.jar;C:\Users\aymen\.m2\repository\org\springframework\spring-webmvc\5.3.22\spring-webmvc-5.3.22.jar;C:\Users\aymen\.m2\repository\org\springframework\spring-expression\5.3.22\spring-expression-5.3.22.jar;C:\Users\aymen\.m2\repository\mysql\mysql-connector-java\8.0.30\mysql-connector-java-8.0.30.jar;C:\Users\aymen\.m2\repository\jakarta\xml\bind\jakarta.xml.bind-api\2.3.3\jakarta.xml.bind-api-2.3.3.jar;C:\Users\aymen\.m2\repository\jakarta\activation\jakarta.activation-api\1.2.2\jakarta.activation-api-1.2.2.jar;C:\Users\aymen\.m2\repository\org\springframework\spring-core\5.3.22\spring-core-5.3.22.jar;C:\Users\aymen\.m2\repository\org\springframework\spring-jcl\5.3.22\spring-jcl-5.3.22.jar;C:\Users\aymen\.m2\repository\org\modelmapper\modelmapper\3.2.0\modelmapper-3.2.0.jar;C:\Users\aymen\.m2\repository\io\jsonwebtoken\jjwt-impl\0.12.3\jjwt-impl-0.12.3.jar;C:\Users\aymen\.m2\repository\io\jsonwebtoken\jjwt-api\0.12.3\jjwt-api-0.12.3.jar;C:\Users\aymen\.m2\repository\io\jsonwebtoken\jjwt-jackson\0.12.3\jjwt-jackson-0.12.3.jar;C:\Users\aymen\.m2\repository\com\fasterxml\jackson\core\jackson-databind\2.13.3\jackson-databind-2.13.3.jar;C:\Users\aymen\.m2\repository\com\fasterxml\jackson\core\jackson-annotations\2.13.3\jackson-annotations-2.13.3.jar;C:\Users\aymen\.m2\repository\com\fasterxml\jackson\core\jackson-core\2.13.3\jackson-core-2.13.3.jar;C:\Users\aymen\.m2\repository\org\springframework\boot\spring-boot-starter-security\2.7.3\spring-boot-starter-security-2.7.3.jar;C:\Users\aymen\.m2\repository\org\springframework\spring-aop\5.3.22\spring-aop-5.3.22.jar;C:\Users\aymen\.m2\repository\org\springframework\security\spring-security-config\5.7.3\spring-security-config-5.7.3.jar;C:\Users\aymen\.m2\repository\org\springframework\security\spring-security-core\5.7.3\spring-security-core-5.7.3.jar;C:\Users\aymen\.m2\repository\org\springframework\security\spring-security-crypto\5.7.3\spring-security-crypto-5.7.3.jar;C:\Users\aymen\.m2\repository\org\springframework\security\spring-security-web\5.7.3\spring-security-web-5.7.3.jar;C:\Users\aymen\.m2\repository\org\projectlombok\lombok\1.18.24\lombok-1.18.24.jar;C:\Users\aymen\.m2\repository\org\springframework\boot\spring-boot-starter-validation\2.7.3\spring-boot-starter-validation-2.7.3.jar;C:\Users\aymen\.m2\repository\org\apache\tomcat\embed\tomcat-embed-el\9.0.65\tomcat-embed-el-9.0.65.jar;C:\Users\aymen\.m2\repository\org\hibernate\validator\hibernate-validator\6.2.4.Final\hibernate-validator-6.2.4.Final.jar;C:\Users\aymen\.m2\repository\jakarta\validation\jakarta.validation-api\2.0.2\jakarta.validation-api-2.0.2.jar
Launcher Type: SUN_STANDARD

[Global flags]
     intx CICompilerCount                          = 4                                         {product} {ergonomic}
     uint ConcGCThreads                            = 2                                         {product} {ergonomic}
     uint G1ConcRefinementThreads                  = 8                                         {product} {ergonomic}
   size_t G1HeapRegionSize                         = 4194304                                   {product} {ergonomic}
   size_t InitialHeapSize                          = 402653184                                 {product} {ergonomic}
     bool ManagementServer                         = true                                      {product} {command line}
   size_t MarkStackSize                            = 4194304                                   {product} {ergonomic}
   size_t MaxHeapSize                              = 6392119296                                {product} {ergonomic}
   size_t MaxNewSize                               = 3833593856                                {product} {ergonomic}
   size_t MinHeapDeltaBytes                        = 4194304                                   {product} {ergonomic}
   size_t MinHeapSize                              = 8388608                                   {product} {ergonomic}
    uintx NonNMethodCodeHeapSize                   = 4096                                   {pd product} {ergonomic}
    uintx NonProfiledCodeHeapSize                  = 0                                      {pd product} {ergonomic}
     bool ProfileInterpreter                       = false                                  {pd product} {command line}
    uintx ProfiledCodeHeapSize                     = 0                                      {pd product} {ergonomic}
     bool ShowCodeDetailsInExceptionMessages       = true                                   {manageable} {command line}
   size_t SoftMaxHeapSize                          = 6392119296                             {manageable} {ergonomic}
     intx TieredStopAtLevel                        = 1                                         {product} {command line}
     bool UseCompressedOops                        = true                           {product lp64_product} {ergonomic}
     bool UseG1GC                                  = true                                      {product} {ergonomic}
     bool UseLargePagesIndividualAllocation        = false                                  {pd product} {ergonomic}

Logging:
Log output configuration:
 #0: stdout all=warning uptime,level,tags foldmultilines=false
 #1: stderr all=off uptime,level,tags foldmultilines=false

Environment Variables:
JAVA_HOME=C:\Program Files\Java\jdk-11.0.2
PATH=C:/Downloads/sts-4.22.1.RELEASE//plugins/org.eclipse.justj.openjdk.hotspot.jre.full.win32.x86_64_17.0.11.v20240426-1830/jre/bin/server;C:/Downloads/sts-4.22.1.RELEASE//plugins/org.eclipse.justj.openjdk.hotspot.jre.full.win32.x86_64_17.0.11.v20240426-1830/jre/bin;C:\Program Files\Java\jdk-11.0.2\bin;C:\Program Files\Common Files\Oracle\Java\javapath;C:\Program Files (x86)\Common Files\Oracle\Java\java8path;C:\Program Files\ImageMagick-7.1.1-Q16-HDRI;C:\Windows\system32;C:\Windows;C:\Windows\System32\Wbem;C:\Windows\System32\WindowsPowerShell\v1.0\;C:\Windows\System32\OpenSSH\;C:\Program Files (x86)\NVIDIA Corporation\PhysX\Common;C:\sejda\bin;C:\Program Files\Intel\WiFi\bin\;C:\Program Files\Common Files\Intel\WirelessCommon\;C:\Program Files\PuTTY\;C:\WINDOWS\system32;C:\WINDOWS;C:\WINDOWS\System32\Wbem;C:\WINDOWS\System32\WindowsPowerShell\v1.0\;C:\WINDOWS\System32\OpenSSH\;C:\ProgramData\ComposerSetup\bin;C:\Program Files\Symfony;C:\Program Files\gs9.25\bin;C:\Program Files\dotnet\;C:\Program Files (x86)\Microsoft SQL Server\140\Tools\Binn\;C:\Program Files\Microsoft SQL Server\140\Tools\Binn\;C:\Program Files (x86)\Microsoft SQL Server\140\DTS\Binn\;C:\Program Files\Microsoft SQL Server\140\DTS\Binn\;C:\Program Files\Microsoft SQL Server\Client SDK\ODBC\130\Tools\Binn\;C:\Program Files\Docker\Docker\resources\bin;C:\Program Files\Amazon\AWSCLIV2\;C:\Users\aymen\terraform;C:\wamp64_3_3_4\bin\php\php8.1.26;C:\wamp64_3_3_4\bin\mysql\mysql8.2.0\bin;C:\Program Files\nodejs\;C:\apache-maven-3.9.6\bin;C:\Program Files\Git\cmd;C:\Users\aymen\AppData\Local\Microsoft\WindowsApps;C:\Users\aymen\AppData\Roaming\Composer\vendor\bin;C:\Users\aymen\AppData\Local\Programs\Microsoft VS Code\bin;C:\Users\aymen\AppData\Local\Microsoft\WindowsApps;C:\Users\aymen\AppData\Roaming\npm;C:\Downloads\sts-4.22.1.RELEASE;
USERNAME=aymen
OS=Windows_NT
PROCESSOR_IDENTIFIER=Intel64 Family 6 Model 142 Stepping 12, GenuineIntel
TMP=C:\Users\aymen\AppData\Local\Temp
TEMP=C:\Users\aymen\AppData\Local\Temp




Periodic native trim disabled

---------------  S Y S T E M  ---------------

OS:
 Windows 11 , 64 bit Build 22621 (10.0.22621.3672)
OS uptime: 0 days 9:51 hours
Hyper-V role detected

CPU: total 8 (initial active 8) (4 cores per cpu, 2 threads per core) family 6 model 142 stepping 12 microcode 0xde, cx8, cmov, fxsr, ht, mmx, 3dnowpref, sse, sse2, sse3, ssse3, sse4.1, sse4.2, popcnt, lzcnt, tsc, tscinvbit, avx, avx2, aes, erms, clmul, bmi1, bmi2, adx, fma, vzeroupper, clflush, clflushopt, hv, rdtscp, f16c
Processor Information for all 8 processors :
  Max Mhz: 1992, Current Mhz: 1792, Mhz Limit: 1792

Memory: 4k page, system-wide physical 24383M (10790M free)
TotalPageFile size 36159M (AvailPageFile size 15892M)
current process WorkingSet (physical memory assigned to process): 242M, peak: 248M
current process commit charge ("private bytes"): 283M, peak: 510M

vm_info: Java HotSpot(TM) 64-Bit Server VM (22.0.1+8-16) for windows-amd64 JRE (22.0.1+8-16), built on 2024-03-12T10:33:16Z by "mach5one" with MS VC++ 17.6 (VS2022)

END.
